#
# There is insufficient memory for the Java Runtime Environment to continue.
# Native memory allocation (malloc) failed to allocate 665216 bytes for Chunk::new
# Possible reasons:
#   The system is out of physical RAM or swap space
#   The process is running with CompressedOops enabled, and the Java Heap may be blocking the growth of the native heap
# Possible solutions:
#   Reduce memory load on the system
#   Increase physical memory or swap space
#   Check if swap backing store is full
#   Decrease Java heap size (-Xmx/-Xms)
#   Decrease number of Java threads
#   Decrease Java thread stack sizes (-Xss)
#   Set larger code cache with -XX:ReservedCodeCacheSize=
#   JVM is running with Zero Based Compressed Oops mode in which the Java heap is
#     placed in the first 32GB address space. The Java Heap base address is the
#     maximum limit for the native heap growth. Please use -XX:HeapBaseMinAddress
#     to set the Java Heap base and to place the Java Heap above 32GB virtual address.
# This output file may be truncated or incomplete.
#
#  Out of Memory Error (arena.cpp:195), pid=28616, tid=27184
#
# JRE version: Java(TM) SE Runtime Environment (16.0.2+7) (build 16.0.2+7-67)
# Java VM: Java HotSpot(TM) 64-Bit Server VM (16.0.2+7-67, mixed mode, sharing, tiered, compressed oops, compressed class ptrs, g1 gc, windows-amd64)
# No core dump will be written. Minidumps are not enabled by default on client versions of Windows
#

---------------  S U M M A R Y ------------

Command Line: -Dfile.encoding=UTF-8 --module-path=C:\Users\01957\OneDrive\Documents\NetBeansProjects\incomeTax1\build\classes Registration.HomeForm1

Host: Intel(R) Core(TM) i5-8265U CPU @ 1.60GHz, 8 cores, 11G,  Windows 10 , 64 bit Build 21996 (10.0.21996.1)
Time: Sun May  8 09:24:59 2022 Bangladesh Standard Time elapsed time: 23.053555 seconds (0d 0h 0m 23s)

---------------  T H R E A D  ---------------

Current thread (0x0000014197d64f90):  JavaThread "C2 CompilerThread2" daemon [_thread_in_native, id=27184, stack(0x0000001b86f00000,0x0000001b87000000)]


Current CompileTask:
C2:  23053 2286       4       sun.security.util.AbstractAlgorithmConstraints::checkAlgorithm (140 bytes)

Stack: [0x0000001b86f00000,0x0000001b87000000]
Native frames: (J=compiled Java code, j=interpreted, Vv=VM code, C=native code)
V  [jvm.dll+0x6681ca]
V  [jvm.dll+0x7c9e69]
V  [jvm.dll+0x7cb61e]
V  [jvm.dll+0x7cbc73]
V  [jvm.dll+0x242c55]
V  [jvm.dll+0xadeba]
V  [jvm.dll+0xae45c]
V  [jvm.dll+0x2a4cdf]
V  [jvm.dll+0x573c29]
V  [jvm.dll+0x21e905]
V  [jvm.dll+0x217c01]
V  [jvm.dll+0x214ffc]
V  [jvm.dll+0x1a1beb]
V  [jvm.dll+0x225158]
V  [jvm.dll+0x22319c]
V  [jvm.dll+0x77fa62]
V  [jvm.dll+0x7795aa]
V  [jvm.dll+0x667066]
C  [ucrtbase.dll+0x26c0c]
C  [KERNEL32.DLL+0x154e0]
C  [ntdll.dll+0x485b]


---------------  P R O C E S S  ---------------

Threads class SMR info:
_java_thread_list=0x000001419a6cad80, length=19, elements={
0x00000141ffd08830, 0x00000141ffd09a40, 0x00000141ffd16690, 0x00000141ffd18fb0,
0x00000141ffd199b0, 0x00000141ffd1c3c0, 0x00000141ffd1e1b0, 0x00000141ffd290d0,
0x00000141ffd2aa30, 0x000001419799f500, 0x0000014197a2d870, 0x0000014197bae1d0,
0x0000014197b6df50, 0x00000141981102f0, 0x000001419818b3c0, 0x00000141f6660230,
0x0000014198313e00, 0x000001419a4af880, 0x0000014197d64f90
}

Java Threads: ( => current thread )
  0x00000141ffd08830 JavaThread "Reference Handler" daemon [_thread_blocked, id=30636, stack(0x0000001b85200000,0x0000001b85300000)]
  0x00000141ffd09a40 JavaThread "Finalizer" daemon [_thread_blocked, id=29396, stack(0x0000001b85300000,0x0000001b85400000)]
  0x00000141ffd16690 JavaThread "Signal Dispatcher" daemon [_thread_blocked, id=27800, stack(0x0000001b85400000,0x0000001b85500000)]
  0x00000141ffd18fb0 JavaThread "Attach Listener" daemon [_thread_blocked, id=25716, stack(0x0000001b85500000,0x0000001b85600000)]
  0x00000141ffd199b0 JavaThread "Service Thread" daemon [_thread_blocked, id=30552, stack(0x0000001b85600000,0x0000001b85700000)]
  0x00000141ffd1c3c0 JavaThread "Monitor Deflation Thread" daemon [_thread_blocked, id=27032, stack(0x0000001b85700000,0x0000001b85800000)]
  0x00000141ffd1e1b0 JavaThread "C2 CompilerThread0" daemon [_thread_blocked, id=26376, stack(0x0000001b85800000,0x0000001b85900000)]
  0x00000141ffd290d0 JavaThread "C1 CompilerThread0" daemon [_thread_blocked, id=24144, stack(0x0000001b85900000,0x0000001b85a00000)]
  0x00000141ffd2aa30 JavaThread "Sweeper thread" daemon [_thread_blocked, id=6312, stack(0x0000001b85a00000,0x0000001b85b00000)]
  0x000001419799f500 JavaThread "Common-Cleaner" daemon [_thread_blocked, id=29768, stack(0x0000001b85b00000,0x0000001b85c00000)]
  0x0000014197a2d870 JavaThread "Notification Thread" daemon [_thread_blocked, id=10552, stack(0x0000001b85d00000,0x0000001b85e00000)]
  0x0000014197bae1d0 JavaThread "Java2D Disposer" daemon [_thread_blocked, id=25868, stack(0x0000001b85c00000,0x0000001b85d00000)]
  0x0000014197b6df50 JavaThread "AWT-Shutdown" [_thread_blocked, id=27748, stack(0x0000001b85f00000,0x0000001b86000000)]
  0x00000141981102f0 JavaThread "AWT-Windows" daemon [_thread_in_native, id=11012, stack(0x0000001b86000000,0x0000001b86100000)]
  0x000001419818b3c0 JavaThread "AWT-EventQueue-0" [_thread_in_native, id=19016, stack(0x0000001b86100000,0x0000001b86200000)]
  0x00000141f6660230 JavaThread "DestroyJavaVM" [_thread_blocked, id=19840, stack(0x0000001b84b00000,0x0000001b84c00000)]
  0x0000014198313e00 JavaThread "TimerQueue" daemon [_thread_blocked, id=29588, stack(0x0000001b86500000,0x0000001b86600000)]
  0x000001419a4af880 JavaThread "C2 CompilerThread1" daemon [_thread_in_native, id=16064, stack(0x0000001b86600000,0x0000001b86700000)]
=>0x0000014197d64f90 JavaThread "C2 CompilerThread2" daemon [_thread_in_native, id=27184, stack(0x0000001b86f00000,0x0000001b87000000)]

Other Threads:
  0x00000141ffd05d50 VMThread "VM Thread" [stack: 0x0000001b85100000,0x0000001b85200000] [id=28952]
  0x00000141f66610f0 WatcherThread [stack: 0x0000001b85e00000,0x0000001b85f00000] [id=17924]
  0x00000141f66a7150 GCTaskThread "GC Thread#0" [stack: 0x0000001b84c00000,0x0000001b84d00000] [id=14672]
  0x0000014197ec14f0 GCTaskThread "GC Thread#1" [stack: 0x0000001b86800000,0x0000001b86900000] [id=27740]
  0x0000014197ec7410 GCTaskThread "GC Thread#2" [stack: 0x0000001b86900000,0x0000001b86a00000] [id=28480]
  0x0000014197ec7720 GCTaskThread "GC Thread#3" [stack: 0x0000001b86a00000,0x0000001b86b00000] [id=26756]
  0x0000014197ec7a30 GCTaskThread "GC Thread#4" [stack: 0x0000001b86b00000,0x0000001b86c00000] [id=28472]
  0x0000014197ec7d40 GCTaskThread "GC Thread#5" [stack: 0x0000001b86c00000,0x0000001b86d00000] [id=26292]
  0x000001419a4c8190 GCTaskThread "GC Thread#6" [stack: 0x0000001b86d00000,0x0000001b86e00000] [id=29752]
  0x0000014197e1ab60 GCTaskThread "GC Thread#7" [stack: 0x0000001b86e00000,0x0000001b86f00000] [id=21608]
  0x00000141f66b40d0 ConcurrentGCThread "G1 Main Marker" [stack: 0x0000001b84d00000,0x0000001b84e00000] [id=28140]
  0x00000141f66b6b60 ConcurrentGCThread "G1 Conc#0" [stack: 0x0000001b84e00000,0x0000001b84f00000] [id=25720]
  0x00000141ffbd2180 ConcurrentGCThread "G1 Refine#0" [stack: 0x0000001b84f00000,0x0000001b85000000] [id=29668]
  0x00000141ffbd2aa0 ConcurrentGCThread "G1 Service" [stack: 0x0000001b85000000,0x0000001b85100000] [id=26632]

Threads with active compile tasks:
C2 CompilerThread1    23685 2305       4       sun.security.ec.ECOperations::setDouble (559 bytes)
C2 CompilerThread2    23685 2286       4       sun.security.util.AbstractAlgorithmConstraints::checkAlgorithm (140 bytes)

VM state: not at safepoint (normal execution)

VM Mutex/Monitor currently owned by a thread: None

Heap address: 0x0000000741c00000, size: 3044 MB, Compressed Oops mode: Zero based, Oop shift amount: 3

CDS archive(s) mapped at: [0x0000000800000000-0x0000000800bb0000-0x0000000800bb0000), size 12255232, SharedBaseAddress: 0x0000000800000000, ArchiveRelocationMode: 0.
Compressed class space mapped at: 0x0000000800c00000-0x0000000840c00000, reserved size: 1073741824
Narrow klass base: 0x0000000800000000, Narrow klass shift: 3, Narrow klass range: 0x100000000

GC Precious Log:
 CPUs: 8 total, 8 available
 Memory: 12174M
 Large Page Support: Disabled
 NUMA Support: Disabled
 Compressed Oops: Enabled (Zero based)
 Heap Region Size: 2M
 Heap Min Capacity: 8M
 Heap Initial Capacity: 192M
 Heap Max Capacity: 3044M
 Pre-touch: Disabled
 Parallel Workers: 8
 Concurrent Workers: 2
 Concurrent Refinement Workers: 8
 Periodic GC: Disabled

Heap:
 garbage-first heap   total 196608K, used 21094K [0x0000000741c00000, 0x0000000800000000)
  region size 2048K, 10 young (20480K), 2 survivors (4096K)
 Metaspace       used 18264K, committed 18496K, reserved 1064960K
  class space    used 1961K, committed 2112K, reserved 1048576K

Heap Regions: E=young(eden), S=young(survivor), O=old, HS=humongous(starts), HC=humongous(continues), CS=collection set, F=free, OA=open archive, CA=closed archive, TAMS=top-at-mark-start (previous, next)
|   0|0x0000000741c00000, 0x0000000741e00000, 0x0000000741e00000|100%|HS|  |TAMS 0x0000000741c00000, 0x0000000741c00000| Complete 
|   1|0x0000000741e00000, 0x0000000742000000, 0x0000000742000000|100%|HC|  |TAMS 0x0000000741e00000, 0x0000000741e00000| Complete 
|   2|0x0000000742000000, 0x0000000742099a00, 0x0000000742200000| 30%| O|  |TAMS 0x0000000742000000, 0x0000000742000000| Untracked 
|   3|0x0000000742200000, 0x0000000742200000, 0x0000000742400000|  0%| F|  |TAMS 0x0000000742200000, 0x0000000742200000| Untracked 
|   4|0x0000000742400000, 0x0000000742400000, 0x0000000742600000|  0%| F|  |TAMS 0x0000000742400000, 0x0000000742400000| Untracked 
|   5|0x0000000742600000, 0x0000000742600000, 0x0000000742800000|  0%| F|  |TAMS 0x0000000742600000, 0x0000000742600000| Untracked 
|   6|0x0000000742800000, 0x0000000742800000, 0x0000000742a00000|  0%| F|  |TAMS 0x0000000742800000, 0x0000000742800000| Untracked 
|   7|0x0000000742a00000, 0x0000000742a00000, 0x0000000742c00000|  0%| F|  |TAMS 0x0000000742a00000, 0x0000000742a00000| Untracked 
|   8|0x0000000742c00000, 0x0000000742c00000, 0x0000000742e00000|  0%| F|  |TAMS 0x0000000742c00000, 0x0000000742c00000| Untracked 
|   9|0x0000000742e00000, 0x0000000742e00000, 0x0000000743000000|  0%| F|  |TAMS 0x0000000742e00000, 0x0000000742e00000| Untracked 
|  10|0x0000000743000000, 0x0000000743000000, 0x0000000743200000|  0%| F|  |TAMS 0x0000000743000000, 0x0000000743000000| Untracked 
|  11|0x0000000743200000, 0x0000000743200000, 0x0000000743400000|  0%| F|  |TAMS 0x0000000743200000, 0x0000000743200000| Untracked 
|  12|0x0000000743400000, 0x0000000743400000, 0x0000000743600000|  0%| F|  |TAMS 0x0000000743400000, 0x0000000743400000| Untracked 
|  13|0x0000000743600000, 0x0000000743600000, 0x0000000743800000|  0%| F|  |TAMS 0x0000000743600000, 0x0000000743600000| Untracked 
|  14|0x0000000743800000, 0x0000000743800000, 0x0000000743a00000|  0%| F|  |TAMS 0x0000000743800000, 0x0000000743800000| Untracked 
|  15|0x0000000743a00000, 0x0000000743a00000, 0x0000000743c00000|  0%| F|  |TAMS 0x0000000743a00000, 0x0000000743a00000| Untracked 
|  16|0x0000000743c00000, 0x0000000743c00000, 0x0000000743e00000|  0%| F|  |TAMS 0x0000000743c00000, 0x0000000743c00000| Untracked 
|  17|0x0000000743e00000, 0x0000000743e00000, 0x0000000744000000|  0%| F|  |TAMS 0x0000000743e00000, 0x0000000743e00000| Untracked 
|  18|0x0000000744000000, 0x0000000744000000, 0x0000000744200000|  0%| F|  |TAMS 0x0000000744000000, 0x0000000744000000| Untracked 
|  19|0x0000000744200000, 0x0000000744200000, 0x0000000744400000|  0%| F|  |TAMS 0x0000000744200000, 0x0000000744200000| Untracked 
|  20|0x0000000744400000, 0x0000000744400000, 0x0000000744600000|  0%| F|  |TAMS 0x0000000744400000, 0x0000000744400000| Untracked 
|  21|0x0000000744600000, 0x0000000744600000, 0x0000000744800000|  0%| F|  |TAMS 0x0000000744600000, 0x0000000744600000| Untracked 
|  22|0x0000000744800000, 0x0000000744800000, 0x0000000744a00000|  0%| F|  |TAMS 0x0000000744800000, 0x0000000744800000| Untracked 
|  23|0x0000000744a00000, 0x0000000744a00000, 0x0000000744c00000|  0%| F|  |TAMS 0x0000000744a00000, 0x0000000744a00000| Untracked 
|  24|0x0000000744c00000, 0x0000000744c00000, 0x0000000744e00000|  0%| F|  |TAMS 0x0000000744c00000, 0x0000000744c00000| Untracked 
|  25|0x0000000744e00000, 0x0000000744e00000, 0x0000000745000000|  0%| F|  |TAMS 0x0000000744e00000, 0x0000000744e00000| Untracked 
|  26|0x0000000745000000, 0x0000000745000000, 0x0000000745200000|  0%| F|  |TAMS 0x0000000745000000, 0x0000000745000000| Untracked 
|  27|0x0000000745200000, 0x0000000745200000, 0x0000000745400000|  0%| F|  |TAMS 0x0000000745200000, 0x0000000745200000| Untracked 
|  28|0x0000000745400000, 0x0000000745400000, 0x0000000745600000|  0%| F|  |TAMS 0x0000000745400000, 0x0000000745400000| Untracked 
|  29|0x0000000745600000, 0x0000000745600000, 0x0000000745800000|  0%| F|  |TAMS 0x0000000745600000, 0x0000000745600000| Untracked 
|  30|0x0000000745800000, 0x0000000745800000, 0x0000000745a00000|  0%| F|  |TAMS 0x0000000745800000, 0x0000000745800000| Untracked 
|  31|0x0000000745a00000, 0x0000000745a00000, 0x0000000745c00000|  0%| F|  |TAMS 0x0000000745a00000, 0x0000000745a00000| Untracked 
|  32|0x0000000745c00000, 0x0000000745c00000, 0x0000000745e00000|  0%| F|  |TAMS 0x0000000745c00000, 0x0000000745c00000| Untracked 
|  33|0x0000000745e00000, 0x0000000745e00000, 0x0000000746000000|  0%| F|  |TAMS 0x0000000745e00000, 0x0000000745e00000| Untracked 
|  34|0x0000000746000000, 0x0000000746000000, 0x0000000746200000|  0%| F|  |TAMS 0x0000000746000000, 0x0000000746000000| Untracked 
|  35|0x0000000746200000, 0x0000000746200000, 0x0000000746400000|  0%| F|  |TAMS 0x0000000746200000, 0x0000000746200000| Untracked 
|  36|0x0000000746400000, 0x0000000746400000, 0x0000000746600000|  0%| F|  |TAMS 0x0000000746400000, 0x0000000746400000| Untracked 
|  37|0x0000000746600000, 0x0000000746600000, 0x0000000746800000|  0%| F|  |TAMS 0x0000000746600000, 0x0000000746600000| Untracked 
|  38|0x0000000746800000, 0x0000000746800000, 0x0000000746a00000|  0%| F|  |TAMS 0x0000000746800000, 0x0000000746800000| Untracked 
|  39|0x0000000746a00000, 0x0000000746a00000, 0x0000000746c00000|  0%| F|  |TAMS 0x0000000746a00000, 0x0000000746a00000| Untracked 
|  40|0x0000000746c00000, 0x0000000746c00000, 0x0000000746e00000|  0%| F|  |TAMS 0x0000000746c00000, 0x0000000746c00000| Untracked 
|  41|0x0000000746e00000, 0x0000000746e00000, 0x0000000747000000|  0%| F|  |TAMS 0x0000000746e00000, 0x0000000746e00000| Untracked 
|  42|0x0000000747000000, 0x0000000747000000, 0x0000000747200000|  0%| F|  |TAMS 0x0000000747000000, 0x0000000747000000| Untracked 
|  43|0x0000000747200000, 0x0000000747200000, 0x0000000747400000|  0%| F|  |TAMS 0x0000000747200000, 0x0000000747200000| Untracked 
|  44|0x0000000747400000, 0x0000000747400000, 0x0000000747600000|  0%| F|  |TAMS 0x0000000747400000, 0x0000000747400000| Untracked 
|  45|0x0000000747600000, 0x0000000747600000, 0x0000000747800000|  0%| F|  |TAMS 0x0000000747600000, 0x0000000747600000| Untracked 
|  46|0x0000000747800000, 0x0000000747800000, 0x0000000747a00000|  0%| F|  |TAMS 0x0000000747800000, 0x0000000747800000| Untracked 
|  47|0x0000000747a00000, 0x0000000747a00000, 0x0000000747c00000|  0%| F|  |TAMS 0x0000000747a00000, 0x0000000747a00000| Untracked 
|  48|0x0000000747c00000, 0x0000000747c00000, 0x0000000747e00000|  0%| F|  |TAMS 0x0000000747c00000, 0x0000000747c00000| Untracked 
|  49|0x0000000747e00000, 0x0000000747e00000, 0x0000000748000000|  0%| F|  |TAMS 0x0000000747e00000, 0x0000000747e00000| Untracked 
|  50|0x0000000748000000, 0x0000000748000000, 0x0000000748200000|  0%| F|  |TAMS 0x0000000748000000, 0x0000000748000000| Untracked 
|  51|0x0000000748200000, 0x0000000748200000, 0x0000000748400000|  0%| F|  |TAMS 0x0000000748200000, 0x0000000748200000| Untracked 
|  52|0x0000000748400000, 0x0000000748400000, 0x0000000748600000|  0%| F|  |TAMS 0x0000000748400000, 0x0000000748400000| Untracked 
|  53|0x0000000748600000, 0x0000000748600000, 0x0000000748800000|  0%| F|  |TAMS 0x0000000748600000, 0x0000000748600000| Untracked 
|  54|0x0000000748800000, 0x0000000748800000, 0x0000000748a00000|  0%| F|  |TAMS 0x0000000748800000, 0x0000000748800000| Untracked 
|  55|0x0000000748a00000, 0x0000000748a00000, 0x0000000748c00000|  0%| F|  |TAMS 0x0000000748a00000, 0x0000000748a00000| Untracked 
|  56|0x0000000748c00000, 0x0000000748c00000, 0x0000000748e00000|  0%| F|  |TAMS 0x0000000748c00000, 0x0000000748c00000| Untracked 
|  57|0x0000000748e00000, 0x0000000748e00000, 0x0000000749000000|  0%| F|  |TAMS 0x0000000748e00000, 0x0000000748e00000| Untracked 
|  58|0x0000000749000000, 0x0000000749000000, 0x0000000749200000|  0%| F|  |TAMS 0x0000000749000000, 0x0000000749000000| Untracked 
|  59|0x0000000749200000, 0x0000000749200000, 0x0000000749400000|  0%| F|  |TAMS 0x0000000749200000, 0x0000000749200000| Untracked 
|  60|0x0000000749400000, 0x0000000749400000, 0x0000000749600000|  0%| F|  |TAMS 0x0000000749400000, 0x0000000749400000| Untracked 
|  61|0x0000000749600000, 0x0000000749600000, 0x0000000749800000|  0%| F|  |TAMS 0x0000000749600000, 0x0000000749600000| Untracked 
|  62|0x0000000749800000, 0x0000000749800000, 0x0000000749a00000|  0%| F|  |TAMS 0x0000000749800000, 0x0000000749800000| Untracked 
|  63|0x0000000749a00000, 0x0000000749a00000, 0x0000000749c00000|  0%| F|  |TAMS 0x0000000749a00000, 0x0000000749a00000| Untracked 
|  64|0x0000000749c00000, 0x0000000749c00000, 0x0000000749e00000|  0%| F|  |TAMS 0x0000000749c00000, 0x0000000749c00000| Untracked 
|  65|0x0000000749e00000, 0x0000000749e00000, 0x000000074a000000|  0%| F|  |TAMS 0x0000000749e00000, 0x0000000749e00000| Untracked 
|  66|0x000000074a000000, 0x000000074a000000, 0x000000074a200000|  0%| F|  |TAMS 0x000000074a000000, 0x000000074a000000| Untracked 
|  67|0x000000074a200000, 0x000000074a200000, 0x000000074a400000|  0%| F|  |TAMS 0x000000074a200000, 0x000000074a200000| Untracked 
|  68|0x000000074a400000, 0x000000074a400000, 0x000000074a600000|  0%| F|  |TAMS 0x000000074a400000, 0x000000074a400000| Untracked 
|  69|0x000000074a600000, 0x000000074a600000, 0x000000074a800000|  0%| F|  |TAMS 0x000000074a600000, 0x000000074a600000| Untracked 
|  70|0x000000074a800000, 0x000000074a800000, 0x000000074aa00000|  0%| F|  |TAMS 0x000000074a800000, 0x000000074a800000| Untracked 
|  71|0x000000074aa00000, 0x000000074aa00000, 0x000000074ac00000|  0%| F|  |TAMS 0x000000074aa00000, 0x000000074aa00000| Untracked 
|  72|0x000000074ac00000, 0x000000074ac00000, 0x000000074ae00000|  0%| F|  |TAMS 0x000000074ac00000, 0x000000074ac00000| Untracked 
|  73|0x000000074ae00000, 0x000000074ae00000, 0x000000074b000000|  0%| F|  |TAMS 0x000000074ae00000, 0x000000074ae00000| Untracked 
|  74|0x000000074b000000, 0x000000074b000000, 0x000000074b200000|  0%| F|  |TAMS 0x000000074b000000, 0x000000074b000000| Untracked 
|  75|0x000000074b200000, 0x000000074b200000, 0x000000074b400000|  0%| F|  |TAMS 0x000000074b200000, 0x000000074b200000| Untracked 
|  76|0x000000074b400000, 0x000000074b400000, 0x000000074b600000|  0%| F|  |TAMS 0x000000074b400000, 0x000000074b400000| Untracked 
|  77|0x000000074b600000, 0x000000074b600000, 0x000000074b800000|  0%| F|  |TAMS 0x000000074b600000, 0x000000074b600000| Untracked 
|  78|0x000000074b800000, 0x000000074b800000, 0x000000074ba00000|  0%| F|  |TAMS 0x000000074b800000, 0x000000074b800000| Untracked 
|  79|0x000000074ba00000, 0x000000074ba00000, 0x000000074bc00000|  0%| F|  |TAMS 0x000000074ba00000, 0x000000074ba00000| Untracked 
|  80|0x000000074bc00000, 0x000000074bc00000, 0x000000074be00000|  0%| F|  |TAMS 0x000000074bc00000, 0x000000074bc00000| Untracked 
|  81|0x000000074be00000, 0x000000074be00000, 0x000000074c000000|  0%| F|  |TAMS 0x000000074be00000, 0x000000074be00000| Untracked 
|  82|0x000000074c000000, 0x000000074c000000, 0x000000074c200000|  0%| F|  |TAMS 0x000000074c000000, 0x000000074c000000| Untracked 
|  83|0x000000074c200000, 0x000000074c400000, 0x000000074c400000|100%| S|CS|TAMS 0x000000074c200000, 0x000000074c200000| Complete 
|  84|0x000000074c400000, 0x000000074c600000, 0x000000074c600000|100%| S|CS|TAMS 0x000000074c400000, 0x000000074c400000| Complete 
|  85|0x000000074c600000, 0x000000074c600000, 0x000000074c800000|  0%| F|  |TAMS 0x000000074c600000, 0x000000074c600000| Untracked 
|  86|0x000000074c800000, 0x000000074c800000, 0x000000074ca00000|  0%| F|  |TAMS 0x000000074c800000, 0x000000074c800000| Untracked 
|  87|0x000000074ca00000, 0x000000074ca00000, 0x000000074cc00000|  0%| F|  |TAMS 0x000000074ca00000, 0x000000074ca00000| Untracked 
|  88|0x000000074cc00000, 0x000000074cd6ba80, 0x000000074ce00000| 71%| E|  |TAMS 0x000000074cc00000, 0x000000074cc00000| Complete 
|  89|0x000000074ce00000, 0x000000074d000000, 0x000000074d000000|100%| E|CS|TAMS 0x000000074ce00000, 0x000000074ce00000| Complete 
|  90|0x000000074d000000, 0x000000074d200000, 0x000000074d200000|100%| E|CS|TAMS 0x000000074d000000, 0x000000074d000000| Complete 
|  91|0x000000074d200000, 0x000000074d400000, 0x000000074d400000|100%| E|CS|TAMS 0x000000074d200000, 0x000000074d200000| Complete 
|  92|0x000000074d400000, 0x000000074d600000, 0x000000074d600000|100%| E|CS|TAMS 0x000000074d400000, 0x000000074d400000| Complete 
|  93|0x000000074d600000, 0x000000074d800000, 0x000000074d800000|100%| E|  |TAMS 0x000000074d600000, 0x000000074d600000| Complete 
|  94|0x000000074d800000, 0x000000074da00000, 0x000000074da00000|100%| E|CS|TAMS 0x000000074d800000, 0x000000074d800000| Complete 
|  95|0x000000074da00000, 0x000000074dc00000, 0x000000074dc00000|100%| E|CS|TAMS 0x000000074da00000, 0x000000074da00000| Complete 

Card table byte_map: [0x00000141fe710000,0x00000141fed10000] _byte_map_base: 0x00000141fad02000

Marking Bits (Prev, Next): (CMBitMap*) 0x00000141f66a7840, (CMBitMap*) 0x00000141f66a7880
 Prev Bits: [0x000001418f000000, 0x0000014191f90000)
 Next Bits: [0x0000014191f90000, 0x0000014194f20000)

Polling page: 0x00000141f45b0000

Metaspace:

Usage:
  Non-class:     15.92 MB used.
      Class:      1.92 MB used.
       Both:     17.84 MB used.

Virtual space:
  Non-class space:       16.00 MB reserved,      16.00 MB (100%) committed,  2 nodes.
      Class space:        1.00 GB reserved,       2.06 MB ( <1%) committed,  1 nodes.
              Both:        1.02 GB reserved,      18.06 MB (  2%) committed. 

Chunk freelists:
   Non-Class:  7.00 KB
       Class:  2.00 MB
        Both:  2.00 MB

MaxMetaspaceSize: 17179869184.00 GB
CompressedClassSpaceSize: 1.00 GB
 - commit_granule_bytes: 65536.
 - commit_granule_words: 8192.
 - virtual_space_node_default_size: 1048576.
 - enlarge_chunks_in_place: 1.
 - new_chunks_are_fully_committed: 0.
 - uncommit_free_chunks: 1.
 - use_allocation_guard: 0.
 - handle_deallocations: 1.


Internal statistics:

num_allocs_failed_limit: 0.
num_arena_births: 206.
num_arena_deaths: 0.
num_vsnodes_births: 3.
num_vsnodes_deaths: 0.
num_space_committed: 289.
num_space_uncommitted: 0.
num_chunks_returned_to_freelist: 0.
num_chunks_taken_from_freelist: 399.
num_chunk_merges: 0.
num_chunk_splits: 239.
num_chunks_enlarged: 128.
num_purges: 0.

CodeHeap 'non-profiled nmethods': size=120000Kb used=810Kb max_used=810Kb free=119189Kb
 bounds [0x0000014187ad0000, 0x0000014187d40000, 0x000001418f000000]
CodeHeap 'profiled nmethods': size=120000Kb used=3986Kb max_used=3986Kb free=116013Kb
 bounds [0x00000141805a0000, 0x0000014180990000, 0x0000014187ad0000]
CodeHeap 'non-nmethods': size=5760Kb used=1392Kb max_used=1440Kb free=4368Kb
 bounds [0x0000014180000000, 0x0000014180270000, 0x00000141805a0000]
 total_blobs=3037 nmethods=2304 adapters=645
 compilation: enabled
              stopped_count=0, restarted_count=0
 full_count=0

Compilation events (20 events):
Event: 22.926 Thread 0x00000141ffd290d0 2300       3       sun.security.provider.ByteArrayAccess::b2lBig128 (350 bytes)
Event: 22.926 Thread 0x00000141ffd1e1b0 2301 %     4       java.math.MutableBigInteger::mulsub @ 24 (110 bytes)
Event: 22.928 Thread 0x00000141ffd290d0 nmethod 2300 0x0000014180977710 code [0x00000141809779c0, 0x0000014180978328]
Event: 22.928 Thread 0x00000141ffd290d0 2302       3       java.math.BigInteger::intArrayCmpToLen (55 bytes)
Event: 22.929 Thread 0x00000141ffd290d0 nmethod 2302 0x0000014180978790 code [0x0000014180978960, 0x0000014180978c58]
Event: 22.929 Thread 0x00000141ffd290d0 2304       3       sun.security.ec.ECOperations::setSum (681 bytes)
Event: 22.940 Thread 0x00000141ffd290d0 nmethod 2304 0x0000014180978e10 code [0x00000141809797a0, 0x00000141809801b8]
Event: 22.941 Thread 0x000001419a4af880 nmethod 2295 0x0000014187b97610 code [0x0000014187b977a0, 0x0000014187b97d08]
Event: 22.941 Thread 0x000001419a4af880 2303 %     4       java.math.BigInteger::implMultiplyToLen @ 135 (216 bytes)
Event: 22.952 Thread 0x00000141ffd1e1b0 nmethod 2301% 0x0000014187b97e90 code [0x0000014187b98020, 0x0000014187b98718]
Event: 22.953 Thread 0x00000141ffd1e1b0 2307       4       sun.security.ec.ECOperations::lookup4 (88 bytes)
Event: 22.961 Thread 0x00000141ffd290d0 2308       3       com.sun.crypto.provider.AESCrypt::implEncryptBlock (953 bytes)
Event: 22.963 Thread 0x000001419a4af880 nmethod 2303% 0x0000014187b98890 code [0x0000014187b98a20, 0x0000014187b98f78]
Event: 22.963 Thread 0x000001419a4af880 2305       4       sun.security.ec.ECOperations::setDouble (559 bytes)
Event: 22.964 Thread 0x00000141ffd290d0 nmethod 2308 0x0000014180982010 code [0x0000014180982280, 0x00000141809831f8]
Event: 22.964 Thread 0x00000141ffd290d0 2309       3       java.lang.CharacterDataLatin1::digit (32 bytes)
Event: 22.965 Thread 0x00000141ffd290d0 nmethod 2309 0x0000014180983b90 code [0x0000014180983d40, 0x0000014180983f98]
Event: 23.002 Thread 0x00000141ffd1e1b0 nmethod 2307 0x0000014187b99210 code [0x0000014187b993e0, 0x0000014187b99e38]
Event: 23.002 Thread 0x00000141ffd1e1b0 2306       4       java.math.BigInteger::testBit (38 bytes)
Event: 23.004 Thread 0x00000141ffd1e1b0 nmethod 2306 0x0000014187b9a490 code [0x0000014187b9a620, 0x0000014187b9a778]

GC Heap History (2 events):
Event: 14.399 GC heap before
{Heap before GC invocations=0 (full 0):
 garbage-first heap   total 196608K, used 26624K [0x0000000741c00000, 0x0000000800000000)
  region size 2048K, 11 young (22528K), 0 survivors (0K)
 Metaspace       used 14385K, committed 14592K, reserved 1064960K
  class space    used 1543K, committed 1664K, reserved 1048576K
}
Event: 14.434 GC heap after
{Heap after GC invocations=1 (full 0):
 garbage-first heap   total 196608K, used 8806K [0x0000000741c00000, 0x0000000800000000)
  region size 2048K, 2 young (4096K), 2 survivors (4096K)
 Metaspace       used 14385K, committed 14592K, reserved 1064960K
  class space    used 1543K, committed 1664K, reserved 1048576K
}

Deoptimization events (20 events):
Event: 22.680 Thread 0x000001419818b3c0 DEOPT PACKING pc=0x000001418087db90 sp=0x0000001b861fca30
Event: 22.680 Thread 0x000001419818b3c0 DEOPT UNPACKING pc=0x000001418004dece sp=0x0000001b861fbee8 mode 0
Event: 22.753 Thread 0x000001419818b3c0 DEOPT PACKING pc=0x000001418087db90 sp=0x0000001b861fcc30
Event: 22.753 Thread 0x000001419818b3c0 DEOPT UNPACKING pc=0x000001418004dece sp=0x0000001b861fc0e8 mode 0
Event: 22.758 Thread 0x000001419818b3c0 DEOPT PACKING pc=0x000001418087db90 sp=0x0000001b861fcc90
Event: 22.758 Thread 0x000001419818b3c0 DEOPT UNPACKING pc=0x000001418004dece sp=0x0000001b861fc148 mode 0
Event: 22.764 Thread 0x000001419818b3c0 DEOPT PACKING pc=0x000001418087db90 sp=0x0000001b861fca40
Event: 22.764 Thread 0x000001419818b3c0 DEOPT UNPACKING pc=0x000001418004dece sp=0x0000001b861fbef8 mode 0
Event: 22.841 Thread 0x000001419818b3c0 DEOPT PACKING pc=0x000001418087db90 sp=0x0000001b861fcc30
Event: 22.841 Thread 0x000001419818b3c0 DEOPT UNPACKING pc=0x000001418004dece sp=0x0000001b861fc0e8 mode 0
Event: 22.843 Thread 0x000001419818b3c0 DEOPT PACKING pc=0x000001418087db90 sp=0x0000001b861fcc90
Event: 22.843 Thread 0x000001419818b3c0 DEOPT UNPACKING pc=0x000001418004dece sp=0x0000001b861fc148 mode 0
Event: 22.847 Thread 0x000001419818b3c0 DEOPT PACKING pc=0x000001418087db90 sp=0x0000001b861fcaa0
Event: 22.847 Thread 0x000001419818b3c0 DEOPT UNPACKING pc=0x000001418004dece sp=0x0000001b861fbf58 mode 0
Event: 22.909 Thread 0x000001419818b3c0 DEOPT PACKING pc=0x000001418087db90 sp=0x0000001b861fcca0
Event: 22.909 Thread 0x000001419818b3c0 DEOPT UNPACKING pc=0x000001418004dece sp=0x0000001b861fc158 mode 0
Event: 22.911 Thread 0x000001419818b3c0 DEOPT PACKING pc=0x000001418087db90 sp=0x0000001b861fcc90
Event: 22.911 Thread 0x000001419818b3c0 DEOPT UNPACKING pc=0x000001418004dece sp=0x0000001b861fc148 mode 0
Event: 22.925 Thread 0x000001419818b3c0 DEOPT PACKING pc=0x000001418087dbb6 sp=0x0000001b861fc6c0
Event: 22.925 Thread 0x000001419818b3c0 DEOPT UNPACKING pc=0x000001418004dece sp=0x0000001b861fbb78 mode 0

Classes unloaded (0 events):
No events

Classes redefined (0 events):
No events

Internal exceptions (20 events):
Event: 1.281 Thread 0x00000141f6660230 Exception <a 'java/lang/NoSuchMethodError'{0x000000074d798cc8}: 'java.lang.Object java.lang.invoke.DirectMethodHandle$Holder.invokeStatic(java.lang.Object, int, java.lang.Object, java.lang.Object, java.lang.Object, java.lang.Object)'> (0x000000074d798cc8) 
thrown [t:\workspace\open\src\hotspot\share\interpreter\linkResolver.cpp, line 790]
Event: 1.301 Thread 0x00000141f6660230 Exception <a 'java/lang/NoSuchMethodError'{0x000000074d7bed90}: 'java.lang.Object java.lang.invoke.DirectMethodHandle$Holder.invokeStatic(java.lang.Object, int, java.lang.Object)'> (0x000000074d7bed90) 
thrown [t:\workspace\open\src\hotspot\share\interpreter\linkResolver.cpp, line 790]
Event: 1.466 Thread 0x00000141f6660230 Exception <a 'java/lang/ClassNotFoundException'{0x000000074d477aa0}: com/sun/swing/internal/plaf/metal/resources/spi/metalProvider> (0x000000074d477aa0) 
thrown [t:\workspace\open\src\hotspot\share\classfile\systemDictionary.cpp, line 256]
Event: 1.469 Thread 0x00000141f6660230 Exception <a 'java/lang/ClassNotFoundException'{0x000000074d47bb08}: com/sun/swing/internal/plaf/basic/resources/spi/basicProvider> (0x000000074d47bb08) 
thrown [t:\workspace\open\src\hotspot\share\classfile\systemDictionary.cpp, line 256]
Event: 2.025 Thread 0x00000141f6660230 Exception <a 'java/lang/NoSuchMethodError'{0x000000074d2c4a00}: 'void java.lang.invoke.DirectMethodHandle$Holder.invokeStatic(java.lang.Object, java.lang.Object)'> (0x000000074d2c4a00) 
thrown [t:\workspace\open\src\hotspot\share\interpreter\linkResolver.cpp, line 790]
Event: 2.120 Thread 0x00000141f6660230 Exception <a 'java/lang/NoSuchMethodError'{0x000000074d3140c0}: 'void java.lang.invoke.DirectMethodHandle$Holder.invokeStaticInit(java.lang.Object)'> (0x000000074d3140c0) 
thrown [t:\workspace\open\src\hotspot\share\interpreter\linkResolver.cpp, line 790]
Event: 2.447 Thread 0x00000141981102f0 Exception <a 'java/lang/NoSuchMethodError'{0x000000074d6f1770}: 'void java.lang.invoke.DirectMethodHandle$Holder.invokeVirtual(java.lang.Object, java.lang.Object)'> (0x000000074d6f1770) 
thrown [t:\workspace\open\src\hotspot\share\interpreter\linkResolver.cpp, line 790]
Event: 10.322 Thread 0x000001419818b3c0 Exception <a 'java/lang/NoSuchMethodError'{0x000000074cc59d10}: 'java.lang.Object java.lang.invoke.DirectMethodHandle$Holder.invokeInterface(java.lang.Object, java.lang.Object)'> (0x000000074cc59d10) 
thrown [t:\workspace\open\src\hotspot\share\interpreter\linkResolver.cpp, line 790]
Event: 10.382 Thread 0x000001419818b3c0 Exception <a 'java/lang/NoSuchMethodError'{0x000000074c846d28}: 'java.lang.Object java.lang.invoke.DirectMethodHandle$Holder.invokeStatic(java.lang.Object, java.lang.Object, long, java.lang.Object)'> (0x000000074c846d28) 
thrown [t:\workspace\open\src\hotspot\share\interpreter\linkResolver.cpp, line 790]
Event: 10.382 Thread 0x000001419818b3c0 Exception <a 'java/lang/NoSuchMethodError'{0x000000074c84a9c8}: 'java.lang.Object java.lang.invoke.DirectMethodHandle$Holder.invokeStaticInit(java.lang.Object, java.lang.Object, long, java.lang.Object)'> (0x000000074c84a9c8) 
thrown [t:\workspace\open\src\hotspot\share\interpreter\linkResolver.cpp, line 790]
Event: 10.383 Thread 0x000001419818b3c0 Exception <a 'java/lang/NoSuchMethodError'{0x000000074c8512e8}: 'java.lang.Object java.lang.invoke.DirectMethodHandle$Holder.newInvokeSpecial(java.lang.Object, java.lang.Object, long)'> (0x000000074c8512e8) 
thrown [t:\workspace\open\src\hotspot\share\interpreter\linkResolver.cpp, line 790]
Event: 10.383 Thread 0x000001419818b3c0 Exception <a 'java/lang/NoSuchMethodError'{0x000000074c855300}: 'java.lang.Object java.lang.invoke.Invokers$Holder.linkToTargetMethod(java.lang.Object, long, java.lang.Object)'> (0x000000074c855300) 
thrown [t:\workspace\open\src\hotspot\share\interpreter\linkResolver.cpp, line 790]
Event: 10.456 Thread 0x000001419818b3c0 Exception <a 'java/lang/NoSuchMethodError'{0x000000074c997208}: 'java.lang.Object java.lang.invoke.DirectMethodHandle$Holder.invokeStaticInit(java.lang.Object, int, int, int, int)'> (0x000000074c997208) 
thrown [t:\workspace\open\src\hotspot\share\interpreter\linkResolver.cpp, line 790]
Event: 10.514 Thread 0x000001419818b3c0 Exception <a 'java/lang/NoSuchMethodError'{0x000000074c63bb40}: 'java.lang.Object java.lang.invoke.DirectMethodHandle$Holder.invokeStaticInit(java.lang.Object, java.lang.Object, int, int, int, int)'> (0x000000074c63bb40) 
thrown [t:\workspace\open\src\hotspot\share\interpreter\linkResolver.cpp, line 790]
Event: 14.367 Thread 0x000001419818b3c0 Exception <a 'sun/nio/fs/WindowsException'{0x000000074c6d0d00}> (0x000000074c6d0d00) 
thrown [t:\workspace\open\src\hotspot\share\prims\jni.cpp, line 579]
Event: 14.375 Thread 0x000001419818b3c0 Exception <a 'java/lang/NoSuchMethodError'{0x000000074c6fe010}: 'int java.lang.invoke.DirectMethodHandle$Holder.invokeStaticInit(java.lang.Object, java.lang.Object, java.lang.Object, java.lang.Object)'> (0x000000074c6fe010) 
thrown [t:\workspace\open\src\hotspot\share\interpreter\linkResolver.cpp, line 790]
Event: 14.376 Thread 0x000001419818b3c0 Exception <a 'java/lang/IncompatibleClassChangeError'{0x000000074c707c78}: Found class java.lang.Object, but interface was expected> (0x000000074c707c78) 
thrown [t:\workspace\open\src\hotspot\share\interpreter\linkResolver.cpp, line 857]
Event: 14.376 Thread 0x000001419818b3c0 Exception <a 'java/lang/NoSuchMethodError'{0x000000074c70aee0}: 'void java.lang.invoke.DirectMethodHandle$Holder.invokeStaticInit(java.lang.Object, java.lang.Object)'> (0x000000074c70aee0) 
thrown [t:\workspace\open\src\hotspot\share\interpreter\linkResolver.cpp, line 790]
Event: 14.377 Thread 0x000001419818b3c0 Exception <a 'java/lang/NoSuchMethodError'{0x000000074c710fc8}: 'int java.lang.invoke.DirectMethodHandle$Holder.invokeStaticInit(java.lang.Object, java.lang.Object)'> (0x000000074c710fc8) 
thrown [t:\workspace\open\src\hotspot\share\interpreter\linkResolver.cpp, line 790]
Event: 19.380 Thread 0x000001419818b3c0 Exception <a 'sun/net/ConnectionResetException'{0x000000074d9b6050}: Connection reset> (0x000000074d9b6050) 
thrown [t:\workspace\open\src\hotspot\share\prims\jni.cpp, line 600]

Events (20 events):
Event: 22.485 loading class java/util/JumboEnumSet
Event: 22.485 loading class java/util/JumboEnumSet done
Event: 22.485 loading class java/util/JumboEnumSet$EnumSetIterator
Event: 22.485 loading class java/util/JumboEnumSet$EnumSetIterator done
Event: 22.527 Thread 0x000001419a4af880 Thread added: 0x000001419a4af880
Event: 22.562 Executing  VM operation: Cleanup
Event: 22.577 Executing  VM operation: Cleanup done
Event: 22.597 loading class java/lang/NoSuchFieldError
Event: 22.597 loading class java/lang/NoSuchFieldError done
Event: 22.606 loading class java/time/OffsetTime
Event: 22.606 loading class java/time/OffsetTime done
Event: 22.607 loading class java/time/OffsetDateTime
Event: 22.607 loading class java/time/OffsetDateTime done
Event: 22.623 loading class java/math/MathContext
Event: 22.623 loading class java/math/MathContext done
Event: 22.640 Thread 0x000001419a4af880 Thread exited: 0x000001419a4af880
Event: 22.687 Thread 0x000001419a4af880 Thread added: 0x000001419a4af880
Event: 22.719 Thread 0x0000014197d64f90 Thread added: 0x0000014197d64f90
Event: 22.841 Executing  VM operation: ICBufferFull
Event: 22.841 Executing  VM operation: ICBufferFull done


Dynamic libraries:
0x00007ff7c3870000 - 0x00007ff7c3880000 	C:\Program Files\Java\jdk-16.0.2\bin\java.exe
0x00007fff2ece0000 - 0x00007fff2eee7000 	C:\Windows\SYSTEM32\ntdll.dll
0x00007fff157f0000 - 0x00007fff15806000 	C:\Program Files\Avast Software\Avast\aswhook.dll
0x00007fff2cbd0000 - 0x00007fff2cc8d000 	C:\Windows\System32\KERNEL32.DLL
0x00007fff2c6c0000 - 0x00007fff2ca32000 	C:\Windows\System32\KERNELBASE.dll
0x00007fff2c530000 - 0x00007fff2c641000 	C:\Windows\System32\ucrtbase.dll
0x00007fff07e00000 - 0x00007fff07e18000 	C:\Program Files\Java\jdk-16.0.2\bin\jli.dll
0x00007fff2a180000 - 0x00007fff2a199000 	C:\Program Files\Java\jdk-16.0.2\bin\VCRUNTIME140.dll
0x00007fff2dcd0000 - 0x00007fff2dd7c000 	C:\Windows\System32\ADVAPI32.dll
0x00007fff2eaa0000 - 0x00007fff2eb43000 	C:\Windows\System32\msvcrt.dll
0x00007fff2d7a0000 - 0x00007fff2d83d000 	C:\Windows\System32\sechost.dll
0x00007fff2d600000 - 0x00007fff2d721000 	C:\Windows\System32\RPCRT4.dll
0x00007fff2e240000 - 0x00007fff2e3ec000 	C:\Windows\System32\USER32.dll
0x00007fff2ca40000 - 0x00007fff2ca66000 	C:\Windows\System32\win32u.dll
0x00007fff2dd80000 - 0x00007fff2dda9000 	C:\Windows\System32\GDI32.dll
0x00007fff13d30000 - 0x00007fff13fd5000 	C:\Windows\WinSxS\amd64_microsoft.windows.common-controls_6595b64144ccf1df_6.0.21996.1_none_7d6b053978bcd706\COMCTL32.dll
0x00007fff2c200000 - 0x00007fff2c312000 	C:\Windows\System32\gdi32full.dll
0x00007fff2c490000 - 0x00007fff2c52d000 	C:\Windows\System32\msvcp_win.dll
0x00007fff2a110000 - 0x00007fff2a11a000 	C:\Windows\SYSTEM32\VERSION.dll
0x00007fff2e0a0000 - 0x00007fff2e0d1000 	C:\Windows\System32\IMM32.DLL
0x00007fff2a170000 - 0x00007fff2a17c000 	C:\Program Files\Java\jdk-16.0.2\bin\vcruntime140_1.dll
0x00007fff05db0000 - 0x00007fff05e41000 	C:\Program Files\Java\jdk-16.0.2\bin\msvcp140.dll
0x00007ffebbde0000 - 0x00007ffebc98b000 	C:\Program Files\Java\jdk-16.0.2\bin\server\jvm.dll
0x00007fff2e230000 - 0x00007fff2e238000 	C:\Windows\System32\PSAPI.DLL
0x00007fff0f660000 - 0x00007fff0f669000 	C:\Windows\SYSTEM32\WSOCK32.dll
0x00007fff2e0e0000 - 0x00007fff2e14f000 	C:\Windows\System32\WS2_32.dll
0x00007fff25740000 - 0x00007fff25773000 	C:\Windows\SYSTEM32\WINMM.dll
0x00007fff2b360000 - 0x00007fff2b377000 	C:\Windows\SYSTEM32\kernel.appcore.dll
0x00007fff184e0000 - 0x00007fff184ea000 	C:\Program Files\Java\jdk-16.0.2\bin\jimage.dll
0x00007fff28fb0000 - 0x00007fff291d1000 	C:\Windows\SYSTEM32\DBGHELP.DLL
0x00007fff11f10000 - 0x00007fff11f41000 	C:\Windows\SYSTEM32\dbgcore.DLL
0x00007fff2ca70000 - 0x00007fff2caf0000 	C:\Windows\System32\bcryptPrimitives.dll
0x00007fff143c0000 - 0x00007fff143e5000 	C:\Program Files\Java\jdk-16.0.2\bin\java.dll
0x00007fff2cc90000 - 0x00007fff2d3f9000 	C:\Windows\System32\SHELL32.dll
0x00007fff2a380000 - 0x00007fff2abd8000 	C:\Windows\SYSTEM32\windows.storage.dll
0x00007fff2d8d0000 - 0x00007fff2dc45000 	C:\Windows\System32\combase.dll
0x00007fff2a210000 - 0x00007fff2a376000 	C:\Windows\SYSTEM32\wintypes.dll
0x00007fff2dfb0000 - 0x00007fff2e09a000 	C:\Windows\System32\SHCORE.dll
0x00007fff2d5a0000 - 0x00007fff2d5fd000 	C:\Windows\System32\shlwapi.dll
0x00007fff2c130000 - 0x00007fff2c151000 	C:\Windows\SYSTEM32\profapi.dll
0x00007fff15250000 - 0x00007fff15269000 	C:\Program Files\Java\jdk-16.0.2\bin\net.dll
0x00007fff25c10000 - 0x00007fff25d1c000 	C:\Windows\SYSTEM32\WINHTTP.dll
0x00007fff2b7e0000 - 0x00007fff2b847000 	C:\Windows\system32\mswsock.dll
0x00007fff140f0000 - 0x00007fff14103000 	C:\Program Files\Java\jdk-16.0.2\bin\nio.dll
0x00007fff140d0000 - 0x00007fff140e8000 	C:\Program Files\Java\jdk-16.0.2\bin\zip.dll
0x00007ffef55c0000 - 0x00007ffef5740000 	C:\Program Files\Java\jdk-16.0.2\bin\awt.dll
0x00007fff2e150000 - 0x00007fff2e226000 	C:\Windows\System32\OLEAUT32.dll
0x00007fff29440000 - 0x00007fff294d2000 	C:\Windows\SYSTEM32\apphelp.dll
0x00007fff29b10000 - 0x00007fff29b40000 	C:\Windows\system32\DWMAPI.DLL
0x00007fff29600000 - 0x00007fff296ac000 	C:\Windows\system32\uxtheme.dll
0x00007fff13ab0000 - 0x00007fff13bb1000 	C:\Windows\system32\opengl32.dll
0x00007fff155f0000 - 0x00007fff1561d000 	C:\Windows\SYSTEM32\GLU32.dll
0x00007fff296e0000 - 0x00007fff29718000 	C:\Windows\SYSTEM32\dxcore.dll
0x00007fff2dde0000 - 0x00007fff2defe000 	C:\Windows\System32\MSCTF.dll
0x00007fff2d400000 - 0x00007fff2d59a000 	C:\Windows\System32\ole32.dll
0x00007fff184d0000 - 0x00007fff184e0000 	C:\Program Files\Java\jdk-16.0.2\bin\verify.dll
0x00007fff04240000 - 0x00007fff042c9000 	C:\Program Files\Java\jdk-16.0.2\bin\freetype.dll
0x00007ffed8890000 - 0x00007ffed8986000 	C:\Program Files\Java\jdk-16.0.2\bin\harfbuzz.dll
0x00007fff140b0000 - 0x00007fff140c2000 	C:\Program Files\Java\jdk-16.0.2\bin\fontmanager.dll
0x00007fff2df00000 - 0x00007fff2dfaf000 	C:\Windows\System32\clbcatq.dll
0x00007fff1f9e0000 - 0x00007fff1fb8e000 	C:\Windows\SYSTEM32\WindowsCodecs.dll
0x00007fff09920000 - 0x00007fff0997d000 	C:\Windows\system32\dataexchange.dll
0x00007fff1f410000 - 0x00007fff1f66e000 	C:\Windows\system32\twinapi.appcore.dll
0x00007fff143f0000 - 0x00007fff1451c000 	C:\Windows\SYSTEM32\textinputframework.dll
0x00007fff28ce0000 - 0x00007fff28e0c000 	C:\Windows\SYSTEM32\CoreMessaging.dll
0x00007fff23c80000 - 0x00007fff23fed000 	C:\Windows\SYSTEM32\CoreUIComponents.dll
0x00007fff2b9d0000 - 0x00007fff2b9dc000 	C:\Windows\SYSTEM32\CRYPTBASE.DLL
0x00007fff092f0000 - 0x00007fff09307000 	C:\Windows\system32\napinsp.dll
0x00007fff05550000 - 0x00007fff0556b000 	C:\Windows\system32\pnrpnsp.dll
0x00007fff2aea0000 - 0x00007fff2af85000 	C:\Windows\SYSTEM32\DNSAPI.dll
0x00007fff2ae70000 - 0x00007fff2ae9d000 	C:\Windows\SYSTEM32\IPHLPAPI.DLL
0x00007fff2ddd0000 - 0x00007fff2ddd9000 	C:\Windows\System32\NSI.dll
0x00007fff05530000 - 0x00007fff05542000 	C:\Windows\System32\winrnr.dll
0x00007fff24920000 - 0x00007fff24935000 	C:\Windows\system32\wshbth.dll
0x00007fff05510000 - 0x00007fff0552f000 	C:\Windows\system32\nlansp_c.dll
0x00007fff24210000 - 0x00007fff2421a000 	C:\Windows\System32\rasadhlp.dll
0x00007fff23ff0000 - 0x00007fff24071000 	C:\Windows\System32\fwpuclnt.dll
0x00007fff2bb20000 - 0x00007fff2bb38000 	C:\Windows\SYSTEM32\CRYPTSP.dll
0x00007fff2b250000 - 0x00007fff2b285000 	C:\Windows\system32\rsaenh.dll
0x00007fff2b880000 - 0x00007fff2b8a9000 	C:\Windows\SYSTEM32\USERENV.dll
0x00007fff2bb60000 - 0x00007fff2bb87000 	C:\Windows\SYSTEM32\bcrypt.dll
0x00007fff25780000 - 0x00007fff25799000 	C:\Windows\SYSTEM32\dhcpcsvc6.DLL
0x00007fff27120000 - 0x00007fff2713e000 	C:\Windows\SYSTEM32\dhcpcsvc.DLL
0x00007fff26c40000 - 0x00007fff26c4e000 	C:\Program Files\Java\jdk-16.0.2\bin\sunmscapi.dll
0x00007fff2c320000 - 0x00007fff2c485000 	C:\Windows\System32\CRYPT32.dll
0x00007fff2baf0000 - 0x00007fff2bb18000 	C:\Windows\SYSTEM32\ncrypt.dll
0x00007fff2baa0000 - 0x00007fff2bad7000 	C:\Windows\SYSTEM32\NTASN1.dll
0x00007fff26bf0000 - 0x00007fff26c3f000 	C:\Program Files\Java\jdk-16.0.2\bin\mssql-jdbc_auth-9.4.0.x64.dll
0x00007fff0c590000 - 0x00007fff0c59c000 	C:\Windows\system32\secur32.dll
0x00007fff2b600000 - 0x00007fff2b640000 	C:\Windows\SYSTEM32\SSPICLI.DLL
0x00007fff2b8b0000 - 0x00007fff2b9c8000 	C:\Windows\system32\kerberos.DLL
0x00007fff2bc90000 - 0x00007fff2bca2000 	C:\Windows\SYSTEM32\MSASN1.dll
0x00007fff2b750000 - 0x00007fff2b7df000 	C:\Windows\system32\msv1_0.DLL
0x00007fff2bcb0000 - 0x00007fff2bcbe000 	C:\Windows\SYSTEM32\NtlmShared.dll
0x00007ffef1cf0000 - 0x00007ffef1d1a000 	C:\Windows\system32\ntdsapi.dll

dbghelp: loaded successfully - version: 4.0.5 - missing functions: none
symbol engine: initialized successfully - sym options: 0x614 - pdb path: .;C:\Program Files\Java\jdk-16.0.2\bin;C:\Windows\SYSTEM32;C:\Program Files\Avast Software\Avast;C:\Windows\WinSxS\amd64_microsoft.windows.common-controls_6595b64144ccf1df_6.0.21996.1_none_7d6b053978bcd706;C:\Program Files\Java\jdk-16.0.2\bin\server

VM Arguments:
jvm_args: -Dfile.encoding=UTF-8 --module-path=C:\Users\01957\OneDrive\Documents\NetBeansProjects\incomeTax1\build\classes 
java_command: Registration.HomeForm1
java_class_path (initial): D:\soft\sqljdbc_9.4.0.0_enu\sqljdbc_9.4\enu\mssql-jdbc-9.4.0.jre16.jar;D:\soft\sqljdbc_9.4.0.0_enu\sqljdbc_9.4\enu\mssql-jdbc-10.2.0.jre17.jar;D:\soft\sqljdbc_9.4.0.0_enu\sqljdbc_9.4\enu\java-json-schema.jar;D:\soft\sqljdbc_9.4.0.0_enu\sqljdbc_9.4\enu\json-simple-1.1.jar;D:\soft\sqljdbc_9.4.0.0_enu\sqljdbc_9.4\enu\gson-2.2.2.jar;D:\soft\sqljdbc_9.4.0.0_enu\sqljdbc_9.4\enu\jxdatepicker-support-1.0.jar;D:\soft\sqljdbc_9.4.0.0_enu\sqljdbc_9.4\enu\org-jdesktop-swingx.jar;D:\soft\sqljdbc_9.4.0.0_enu\sqljdbc_9.4\enu\jcalendar-1.4.jar;D:\soft\sqljdbc_9.4.0.0_enu\sqljdbc_9.4\enu\jdatepicker-1.3.4.jar;D:\soft\sqljdbc_9.4.0.0_enu\sqljdbc_9.4\enu\pdf file\itext5\itextpdf-5.5.9.jar;D:\soft\sqljdbc_9.4.0.0_enu\sqljdbc_9.4\enu\font-asian-7.1.4.jar;D:\soft\sqljdbc_9.4.0.0_enu\sqljdbc_9.4\enu\pdf file\itex\font-asian-7.1.3.jar;C:\Users\01957\OneDrive\Documents\NetBeansProjects\incomeTax1\build\classes
Launcher Type: SUN_STANDARD

[Global flags]
     intx CICompilerCount                          = 4                                         {product} {ergonomic}
     uint ConcGCThreads                            = 2                                         {product} {ergonomic}
     uint G1ConcRefinementThreads                  = 8                                         {product} {ergonomic}
   size_t G1HeapRegionSize                         = 2097152                                   {product} {ergonomic}
    uintx GCDrainStackTargetSize                   = 64                                        {product} {ergonomic}
   size_t InitialHeapSize                          = 201326592                                 {product} {ergonomic}
   size_t MarkStackSize                            = 4194304                                   {product} {ergonomic}
   size_t MaxHeapSize                              = 3191865344                                {product} {ergonomic}
   size_t MaxNewSize                               = 1914699776                                {product} {ergonomic}
   size_t MinHeapDeltaBytes                        = 2097152                                   {product} {ergonomic}
   size_t MinHeapSize                              = 8388608                                   {product} {ergonomic}
    uintx NonNMethodCodeHeapSize                   = 5839372                                {pd product} {ergonomic}
    uintx NonProfiledCodeHeapSize                  = 122909434                              {pd product} {ergonomic}
    uintx ProfiledCodeHeapSize                     = 122909434                              {pd product} {ergonomic}
    uintx ReservedCodeCacheSize                    = 251658240                              {pd product} {ergonomic}
     bool SegmentedCodeCache                       = true                                      {product} {ergonomic}
   size_t SoftMaxHeapSize                          = 3191865344                             {manageable} {ergonomic}
     bool UseCompressedClassPointers               = true                           {product lp64_product} {ergonomic}
     bool UseCompressedOops                        = true                           {product lp64_product} {ergonomic}
     bool UseG1GC                                  = true                                      {product} {ergonomic}
     bool UseLargePagesIndividualAllocation        = false                                  {pd product} {ergonomic}

Logging:
Log output configuration:
 #0: stdout all=warning uptime,level,tags
 #1: stderr all=off uptime,level,tags

Environment Variables:
JAVA_HOME=C:\Program Files\OpenJDK\openjdk-8u292-b10
CLASSPATH=D:\soft\sqljdbc_9.4.0.0_enu\sqljdbc_9.4\enu\mssql-jdbc-9.4.0.jre8.jar;C:\Program Files\Java\jdk-16.0.2\lib;D:\soft\sqljdbc_9.4.0.0_enu\sqljdbc_9.4\enu;
PATH=C:\oraclexe\app\oracle\product\11.2.0\server\bin;C:\Program Files\Common Files\Oracle\Java\javapath;C:\Windows\system32;C:\Windows;C:\Windows\System32\Wbem;C:\Windows\System32\WindowsPowerShell\v1.0\;C:\Windows\System32\OpenSSH\;C:\ProgramData\chocolatey\bin;C:\Program Files\nodejs\;C:\Program Files\OpenJDK\openjdk-8u292-b10\bin;C:\Users\01957\AppData\Local\Android\Sdk\platform-tools;C:\Program Files\Microsoft SQL Server\Client SDK\ODBC\170\Tools\Binn\;C:\Program Files (x86)\Microsoft SQL Server\150\Tools\Binn\;C:\Program Files\Microsoft SQL Server\150\Tools\Binn\;C:\Program Files\Microsoft SQL Server\150\DTS\Binn\;C:\Program Files (x86)\Microsoft SQL Server\150\DTS\Binn\;C:\TDM-GCC-32\bin;C:\TDM-GCC-64\bin;C:\Program Files\Java\jdk-17\bin;C:\Program Files (x86)\Java\jre1.8.0_301\bin;C:\Program Files\Java\jdk-17\bin;D:\soft\sqljdbc_9.4.0.0_enu\sqljdbc_9.4\enu;C:\Program Files\Git\cmd;C:\Program Files (x86)\Silverfrost\FTN95;H:\4-1\4-1\MATLAB\bin;C:\Program Files\MySQL\MySQL Shell 8.0\bin\;C:\Users\01957\AppData\Local\Microsoft\WindowsApps;C:\Users\01957\AppData\Roaming\npm;C:\Program Files\Azure Data Studio\bin;C:\Program Files\CodeBlocks\MinGW\bin;C:\Program Files (x86)\CodeBlocks\MinGW\bin;C:\Program Files\CodeBlocks\MinGW\bin;D:\soft\sqljdbc_9.4.0.0_enu\sqljdbc_9.4\enu;C:\Users\01957\AppData\Local\Android\Sdk\platform-tools;
USERNAME=01957
OS=Windows_NT
PROCESSOR_IDENTIFIER=Intel64 Family 6 Model 142 Stepping 11, GenuineIntel



---------------  S Y S T E M  ---------------

OS:
 Windows 10 , 64 bit Build 21996 (10.0.21996.1)
OS uptime: 1 days 7:28 hours
Hyper-V role detected

CPU: total 8 (initial active 8) (4 cores per cpu, 2 threads per core) family 6 model 142 stepping 11 microcode 0xde, cx8, cmov, fxsr, ht, mmx, 3dnowpref, sse, sse2, sse3, ssse3, sse4.1, sse4.2, popcnt, lzcnt, tsc, tscinvbit, avx, avx2, aes, erms, clmul, bmi1, bmi2, adx, fma, vzeroupper, clflush, clflushopt, hv

Memory: 4k page, system-wide physical 12174M (2280M free)
TotalPageFile size 26481M (AvailPageFile size 154M)
current process WorkingSet (physical memory assigned to process): 118M, peak: 118M
current process commit charge ("private bytes"): 320M, peak: 321M

vm_info: Java HotSpot(TM) 64-Bit Server VM (16.0.2+7-67) for windows-amd64 JRE (16.0.2+7-67), built on Jun  8 2021 23:24:19 by "mach5one" with MS VC++ 16.7 (VS2019)

END.
