#
# There is insufficient memory for the Java Runtime Environment to continue.
# Native memory allocation (malloc) failed to allocate 1048576 bytes for AllocateHeap
# Possible reasons:
#   The system is out of physical RAM or swap space
#   The process is running with CompressedOops enabled, and the Java Heap may be blocking the growth of the native heap
# Possible solutions:
#   Reduce memory load on the system
#   Increase physical memory or swap space
#   Check if swap backing store is full
#   Decrease Java heap size (-Xmx/-Xms)
#   Decrease number of Java threads
#   Decrease Java thread stack sizes (-Xss)
#   Set larger code cache with -XX:ReservedCodeCacheSize=
#   JVM is running with Zero Based Compressed Oops mode in which the Java heap is
#     placed in the first 32GB address space. The Java Heap base address is the
#     maximum limit for the native heap growth. Please use -XX:HeapBaseMinAddress
#     to set the Java Heap base and to place the Java Heap above 32GB virtual address.
# This output file may be truncated or incomplete.
#
#  Out of Memory Error (allocation.cpp:44), pid=10656, tid=22352
#
# JRE version:  (16.0.2+7) (build )
# Java VM: Java HotSpot(TM) 64-Bit Server VM (16.0.2+7-67, mixed mode, sharing, tiered, compressed oops, compressed class ptrs, g1 gc, windows-amd64)
# No core dump will be written. Minidumps are not enabled by default on client versions of Windows
#

---------------  S U M M A R Y ------------

Command Line: -Dfile.encoding=UTF-8 --module-path=C:\Users\01957\OneDrive\Documents\NetBeansProjects\incomeTax1\build\classes Registration.AssesseeLiabilty

Host: Intel(R) Core(TM) i5-8265U CPU @ 1.60GHz, 8 cores, 11G,  Windows 10 , 64 bit Build 21996 (10.0.21996.1)
Time: Sat Mar 19 16:01:40 2022 Bangladesh Standard Time elapsed time: 0.013329 seconds (0d 0h 0m 0s)

---------------  T H R E A D  ---------------

Current thread (0x00000288322a1810):  JavaThread "Unknown thread" [_thread_in_vm, id=22352, stack(0x000000fbb0a00000,0x000000fbb0b00000)]

Stack: [0x000000fbb0a00000,0x000000fbb0b00000]
Native frames: (J=compiled Java code, j=interpreted, Vv=VM code, C=native code)
V  [jvm.dll+0x6681ca]
V  [jvm.dll+0x7c9e69]
V  [jvm.dll+0x7cb61e]
V  [jvm.dll+0x7cbc73]
V  [jvm.dll+0x242c55]
V  [jvm.dll+0xa8732]
V  [jvm.dll+0x2dc6d4]
V  [jvm.dll+0x2d423b]
V  [jvm.dll+0x79c741]
V  [jvm.dll+0x360791]
V  [jvm.dll+0x77a3f0]
V  [jvm.dll+0x3e4e8f]
V  [jvm.dll+0x3e6961]
C  [jli.dll+0x52fb]
C  [ucrtbase.dll+0x26c0c]
C  [KERNEL32.DLL+0x154e0]
C  [ntdll.dll+0x485b]


---------------  P R O C E S S  ---------------

Threads class SMR info:
_java_thread_list=0x00007ffa749bcbb8, length=0, elements={
}

Java Threads: ( => current thread )

Other Threads:
  0x00000288322e80b0 GCTaskThread "GC Thread#0" [stack: 0x000000fbb0b00000,0x000000fbb0c00000] [id=14496]

[error occurred during error reporting (printing all threads), id 0xc0000005, EXCEPTION_ACCESS_VIOLATION (0xc0000005) at pc=0x00007ffa741913c0]

VM state: not at safepoint (not fully initialized)

VM Mutex/Monitor currently owned by a thread:  ([mutex/lock_event])
[0x000002883229ccc0] Heap_lock - owner thread: 0x00000288322a1810

Heap address: 0x0000000741c00000, size: 3044 MB, Compressed Oops mode: Zero based, Oop shift amount: 3

CDS archive(s) mapped at: [0x0000000000000000-0x0000000000000000-0x0000000000000000), size 0, SharedBaseAddress: 0x0000000800000000, ArchiveRelocationMode: 0.
Narrow klass base: 0x0000000000000000, Narrow klass shift: 0, Narrow klass range: 0x0

GC Precious Log:
<Empty>

Heap:
 garbage-first heap   total 0K, used 0K [0x0000000741c00000, 0x0000000800000000)
  region size 2048K, 0 young (0K), 0 survivors (0K)

[error occurred during error reporting (printing heap information), id 0xc0000005, EXCEPTION_ACCESS_VIOLATION (0xc0000005) at pc=0x00007ffa74571eed]

GC Heap History (0 events):
No events

Deoptimization events (0 events):
No events

Classes unloaded (0 events):
No events

Classes redefined (0 events):
No events

Internal exceptions (0 events):
No events

Events (1 events):
Event: 0.007 Loaded shared library C:\Program Files\Java\jdk-16.0.2\bin\java.dll


Dynamic libraries:
0x00007ff610370000 - 0x00007ff610380000 	C:\Program Files\Java\jdk-16.0.2\bin\java.exe
0x00007ffad6f00000 - 0x00007ffad7107000 	C:\Windows\SYSTEM32\ntdll.dll
0x00007ffa95930000 - 0x00007ffa95946000 	C:\Program Files\Avast Software\Avast\aswhook.dll
0x00007ffad60e0000 - 0x00007ffad619d000 	C:\Windows\System32\KERNEL32.DLL
0x00007ffad4540000 - 0x00007ffad48b2000 	C:\Windows\System32\KERNELBASE.dll
0x00007ffad4bf0000 - 0x00007ffad4d01000 	C:\Windows\System32\ucrtbase.dll
0x00007ffad0df0000 - 0x00007ffad0e08000 	C:\Program Files\Java\jdk-16.0.2\bin\jli.dll
0x00007ffabb8b0000 - 0x00007ffabb8c9000 	C:\Program Files\Java\jdk-16.0.2\bin\VCRUNTIME140.dll
0x00007ffad66d0000 - 0x00007ffad677c000 	C:\Windows\System32\ADVAPI32.dll
0x00007ffad4eb0000 - 0x00007ffad4f53000 	C:\Windows\System32\msvcrt.dll
0x00007ffad5900000 - 0x00007ffad599d000 	C:\Windows\System32\sechost.dll
0x00007ffad6920000 - 0x00007ffad6a41000 	C:\Windows\System32\RPCRT4.dll
0x00007ffad5ac0000 - 0x00007ffad5c6c000 	C:\Windows\System32\USER32.dll
0x00007ffad4bc0000 - 0x00007ffad4be6000 	C:\Windows\System32\win32u.dll
0x00007ffabcd40000 - 0x00007ffabcfe5000 	C:\Windows\WinSxS\amd64_microsoft.windows.common-controls_6595b64144ccf1df_6.0.21996.1_none_7d6b053978bcd706\COMCTL32.dll
0x00007ffad6300000 - 0x00007ffad6329000 	C:\Windows\System32\GDI32.dll
0x00007ffad4420000 - 0x00007ffad4532000 	C:\Windows\System32\gdi32full.dll
0x00007ffad48c0000 - 0x00007ffad495d000 	C:\Windows\System32\msvcp_win.dll
0x00007ffaced90000 - 0x00007ffaced9a000 	C:\Windows\SYSTEM32\VERSION.dll
0x00007ffad5790000 - 0x00007ffad57c1000 	C:\Windows\System32\IMM32.DLL
0x00007ffabb8a0000 - 0x00007ffabb8ac000 	C:\Program Files\Java\jdk-16.0.2\bin\vcruntime140_1.dll
0x00007ffa93e10000 - 0x00007ffa93ea1000 	C:\Program Files\Java\jdk-16.0.2\bin\msvcp140.dll
0x00007ffa73eb0000 - 0x00007ffa74a5b000 	C:\Program Files\Java\jdk-16.0.2\bin\server\jvm.dll
0x00007ffad58f0000 - 0x00007ffad58f8000 	C:\Windows\System32\PSAPI.DLL
0x00007ffab8ea0000 - 0x00007ffab8ea9000 	C:\Windows\SYSTEM32\WSOCK32.dll
0x00007fface110000 - 0x00007fface143000 	C:\Windows\SYSTEM32\WINMM.dll
0x00007ffad6290000 - 0x00007ffad62ff000 	C:\Windows\System32\WS2_32.dll
0x00007ffad35d0000 - 0x00007ffad35e7000 	C:\Windows\SYSTEM32\kernel.appcore.dll
0x00007ffabb820000 - 0x00007ffabb82a000 	C:\Program Files\Java\jdk-16.0.2\bin\jimage.dll
0x00007ffad2140000 - 0x00007ffad2361000 	C:\Windows\SYSTEM32\DBGHELP.DLL
0x00007ffabc460000 - 0x00007ffabc491000 	C:\Windows\SYSTEM32\dbgcore.DLL
0x00007ffad4960000 - 0x00007ffad49e0000 	C:\Windows\System32\bcryptPrimitives.dll
0x00007ffabb830000 - 0x00007ffabb855000 	C:\Program Files\Java\jdk-16.0.2\bin\java.dll

dbghelp: loaded successfully - version: 4.0.5 - missing functions: none
symbol engine: initialized successfully - sym options: 0x614 - pdb path: .;C:\Program Files\Java\jdk-16.0.2\bin;C:\Windows\SYSTEM32;C:\Program Files\Avast Software\Avast;C:\Windows\WinSxS\amd64_microsoft.windows.common-controls_6595b64144ccf1df_6.0.21996.1_none_7d6b053978bcd706;C:\Program Files\Java\jdk-16.0.2\bin\server

VM Arguments:
jvm_args: -Dfile.encoding=UTF-8 --module-path=C:\Users\01957\OneDrive\Documents\NetBeansProjects\incomeTax1\build\classes 
java_command: Registration.AssesseeLiabilty
java_class_path (initial): D:\soft\sqljdbc_9.4.0.0_enu\sqljdbc_9.4\enu\mssql-jdbc-9.4.0.jre16.jar;D:\soft\sqljdbc_9.4.0.0_enu\sqljdbc_9.4\enu\mssql-jdbc-10.2.0.jre17.jar;D:\soft\sqljdbc_9.4.0.0_enu\sqljdbc_9.4\enu\java-json-schema.jar;D:\soft\sqljdbc_9.4.0.0_enu\sqljdbc_9.4\enu\json-simple-1.1.jar;D:\soft\sqljdbc_9.4.0.0_enu\sqljdbc_9.4\enu\gson-2.2.2.jar;C:\Users\01957\OneDrive\Documents\NetBeansProjects\incomeTax1\build\classes
Launcher Type: SUN_STANDARD

[Global flags]
     intx CICompilerCount                          = 4                                         {product} {ergonomic}
     uint ConcGCThreads                            = 2                                         {product} {ergonomic}
     uint G1ConcRefinementThreads                  = 8                                         {product} {ergonomic}
   size_t G1HeapRegionSize                         = 2097152                                   {product} {ergonomic}
    uintx GCDrainStackTargetSize                   = 64                                        {product} {ergonomic}
   size_t InitialHeapSize                          = 201326592                                 {product} {ergonomic}
   size_t MarkStackSize                            = 4194304                                   {product} {ergonomic}
   size_t MaxHeapSize                              = 3191865344                                {product} {ergonomic}
   size_t MinHeapDeltaBytes                        = 2097152                                   {product} {ergonomic}
   size_t MinHeapSize                              = 8388608                                   {product} {ergonomic}
    uintx NonNMethodCodeHeapSize                   = 5839372                                {pd product} {ergonomic}
    uintx NonProfiledCodeHeapSize                  = 122909434                              {pd product} {ergonomic}
    uintx ProfiledCodeHeapSize                     = 122909434                              {pd product} {ergonomic}
    uintx ReservedCodeCacheSize                    = 251658240                              {pd product} {ergonomic}
     bool SegmentedCodeCache                       = true                                      {product} {ergonomic}
   size_t SoftMaxHeapSize                          = 3191865344                             {manageable} {ergonomic}
     bool UseCompressedClassPointers               = true                           {product lp64_product} {ergonomic}
     bool UseCompressedOops                        = true                           {product lp64_product} {ergonomic}
     bool UseG1GC                                  = true                                      {product} {ergonomic}
     bool UseLargePagesIndividualAllocation        = false                                  {pd product} {ergonomic}

Logging:
Log output configuration:
 #0: stdout all=warning uptime,level,tags
 #1: stderr all=off uptime,level,tags

Environment Variables:
JAVA_HOME=C:\Program Files\OpenJDK\openjdk-8u292-b10
CLASSPATH=D:\soft\sqljdbc_9.4.0.0_enu\sqljdbc_9.4\enu\mssql-jdbc-9.4.0.jre8.jar;C:\Program Files\Java\jdk-16.0.2\lib;D:\soft\sqljdbc_9.4.0.0_enu\sqljdbc_9.4\enu;
PATH=C:\oraclexe\app\oracle\product\11.2.0\server\bin;;C:\Program Files\Common Files\Oracle\Java\javapath;C:\Windows\system32;C:\Windows;C:\Windows\System32\Wbem;C:\Windows\System32\WindowsPowerShell\v1.0\;C:\Windows\System32\OpenSSH\;C:\ProgramData\chocolatey\bin;C:\Program Files\nodejs\;C:\Program Files\OpenJDK\openjdk-8u292-b10\bin;C:\Users\01957\AppData\Local\Android\Sdk\platform-tools;C:\Program Files\Microsoft SQL Server\Client SDK\ODBC\170\Tools\Binn\;C:\Program Files (x86)\Microsoft SQL Server\150\Tools\Binn\;C:\Program Files\Microsoft SQL Server\150\Tools\Binn\;C:\Program Files\Microsoft SQL Server\150\DTS\Binn\;C:\Program Files (x86)\Microsoft SQL Server\150\DTS\Binn\;C:\TDM-GCC-32\bin;C:\TDM-GCC-64\bin;C:\Program Files\Java\jdk-17\bin;C:\Program Files (x86)\Java\jre1.8.0_301\bin;C:\Program Files\Java\jdk-17\bin;D:\soft\sqljdbc_9.4.0.0_enu\sqljdbc_9.4\enu;C:\Program Files\Git\cmd;C:\Program Files (x86)\Silverfrost\FTN95;C:\Program Files\MySQL\MySQL Shell 8.0\bin\;C:\Users\01957\AppData\Local\Microsoft\WindowsApps;C:\Users\01957\AppData\Roaming\npm;C:\Program Files\Azure Data Studio\bin;C:\Program Files\CodeBlocks\MinGW\bin;C:\Program Files (x86)\CodeBlocks\MinGW\bin;C:\Program Files\CodeBlocks\MinGW\bin;D:\soft\sqljdbc_9.4.0.0_enu\sqljdbc_9.4\enu;C:\Users\01957\AppData\Local\Android\Sdk\platform-tools;
USERNAME=01957
OS=Windows_NT
PROCESSOR_IDENTIFIER=Intel64 Family 6 Model 142 Stepping 11, GenuineIntel



---------------  S Y S T E M  ---------------

OS:
 Windows 10 , 64 bit Build 21996 (10.0.21996.1)
OS uptime: 0 days 17:37 hours

CPU: total 8 (initial active 8) (4 cores per cpu, 2 threads per core) family 6 model 142 stepping 11 microcode 0xde, cx8, cmov, fxsr, ht, mmx, 3dnowpref, sse, sse2, sse3, ssse3, sse4.1, sse4.2, popcnt, lzcnt, tsc, tscinvbit, avx, avx2, aes, erms, clmul, bmi1, bmi2, adx, fma, vzeroupper, clflush, clflushopt

Memory: 4k page, system-wide physical 12174M (2829M free)
TotalPageFile size 26481M (AvailPageFile size 5M)
current process WorkingSet (physical memory assigned to process): 10M, peak: 10M
current process commit charge ("private bytes"): 56M, peak: 57M

vm_info: Java HotSpot(TM) 64-Bit Server VM (16.0.2+7-67) for windows-amd64 JRE (16.0.2+7-67), built on Jun  8 2021 23:24:19 by "mach5one" with MS VC++ 16.7 (VS2019)

END.
