#
# There is insufficient memory for the Java Runtime Environment to continue.
# Native memory allocation (mmap) failed to map 201326592 bytes for G1 virtual space
# Possible reasons:
#   The system is out of physical RAM or swap space
#   The process is running with CompressedOops enabled, and the Java Heap may be blocking the growth of the native heap
# Possible solutions:
#   Reduce memory load on the system
#   Increase physical memory or swap space
#   Check if swap backing store is full
#   Decrease Java heap size (-Xmx/-Xms)
#   Decrease number of Java threads
#   Decrease Java thread stack sizes (-Xss)
#   Set larger code cache with -XX:ReservedCodeCacheSize=
#   JVM is running with Zero Based Compressed Oops mode in which the Java heap is
#     placed in the first 32GB address space. The Java Heap base address is the
#     maximum limit for the native heap growth. Please use -XX:HeapBaseMinAddress
#     to set the Java Heap base and to place the Java Heap above 32GB virtual address.
# This output file may be truncated or incomplete.
#
#  Out of Memory Error (os_windows.cpp:3466), pid=14160, tid=24296
#
# JRE version:  (16.0.2+7) (build )
# Java VM: Java HotSpot(TM) 64-Bit Server VM (16.0.2+7-67, mixed mode, sharing, tiered, compressed oops, compressed class ptrs, g1 gc, windows-amd64)
# No core dump will be written. Minidumps are not enabled by default on client versions of Windows
#

---------------  S U M M A R Y ------------

Command Line: -Dfile.encoding=UTF-8 --module-path=C:\Users\01957\OneDrive\Documents\NetBeansProjects\incomeTax1\build\classes Registration.AssesseeLiabilty

Host: Intel(R) Core(TM) i5-8265U CPU @ 1.60GHz, 8 cores, 11G,  Windows 10 , 64 bit Build 21996 (10.0.21996.1)
Time: Mon Apr 11 21:51:43 2022 Bangladesh Standard Time elapsed time: 0.018272 seconds (0d 0h 0m 0s)

---------------  T H R E A D  ---------------

Current thread (0x0000021fdcc424f0):  JavaThread "Unknown thread" [_thread_in_vm, id=24296, stack(0x0000006378d00000,0x0000006378e00000)]

Stack: [0x0000006378d00000,0x0000006378e00000]
Native frames: (J=compiled Java code, j=interpreted, Vv=VM code, C=native code)
V  [jvm.dll+0x6681ca]
V  [jvm.dll+0x7c9e69]
V  [jvm.dll+0x7cb61e]
V  [jvm.dll+0x7cbc73]
V  [jvm.dll+0x242c55]
V  [jvm.dll+0x664f89]
V  [jvm.dll+0x659b75]
V  [jvm.dll+0x2fbfbb]
V  [jvm.dll+0x3031b6]
V  [jvm.dll+0x35299e]
V  [jvm.dll+0x352bcf]
V  [jvm.dll+0x2d3028]
V  [jvm.dll+0x2d4264]
V  [jvm.dll+0x79c741]
V  [jvm.dll+0x360791]
V  [jvm.dll+0x77a3f0]
V  [jvm.dll+0x3e4e8f]
V  [jvm.dll+0x3e6961]
C  [jli.dll+0x52fb]
C  [ucrtbase.dll+0x26c0c]
C  [KERNEL32.DLL+0x154e0]
C  [ntdll.dll+0x485b]


---------------  P R O C E S S  ---------------

Threads class SMR info:
_java_thread_list=0x00007ffdc5fecbb8, length=0, elements={
}

Java Threads: ( => current thread )

Other Threads:
  0x0000021fdcc87c90 GCTaskThread "GC Thread#0" [stack: 0x0000006378e00000,0x0000006378f00000] [id=12524]
  0x0000021fdcc94b10 ConcurrentGCThread "G1 Main Marker" [stack: 0x0000006378f00000,0x0000006379000000] [id=11000]
  0x0000021fdcc96660 ConcurrentGCThread "G1 Conc#0" [stack: 0x0000006379000000,0x0000006379100000] [id=21992]

[error occurred during error reporting (printing all threads), id 0xc0000005, EXCEPTION_ACCESS_VIOLATION (0xc0000005) at pc=0x00007ffdc57c3ee7]

VM state: not at safepoint (not fully initialized)

VM Mutex/Monitor currently owned by a thread:  ([mutex/lock_event])
[0x0000021fdcc3c3b0] Heap_lock - owner thread: 0x0000021fdcc424f0

Heap address: 0x0000000741c00000, size: 3044 MB, Compressed Oops mode: Zero based, Oop shift amount: 3

CDS archive(s) mapped at: [0x0000000000000000-0x0000000000000000-0x0000000000000000), size 0, SharedBaseAddress: 0x0000000800000000, ArchiveRelocationMode: 0.
Narrow klass base: 0x0000000000000000, Narrow klass shift: 0, Narrow klass range: 0x0

GC Precious Log:
<Empty>

Heap:
 garbage-first heap   total 0K, used 0K [0x0000000741c00000, 0x0000000800000000)
  region size 2048K, 0 young (0K), 0 survivors (0K)

[error occurred during error reporting (printing heap information), id 0xc0000005, EXCEPTION_ACCESS_VIOLATION (0xc0000005) at pc=0x00007ffdc5ba1eed]

GC Heap History (0 events):
No events

Deoptimization events (0 events):
No events

Classes unloaded (0 events):
No events

Classes redefined (0 events):
No events

Internal exceptions (0 events):
No events

Events (1 events):
Event: 0.010 Loaded shared library C:\Program Files\Java\jdk-16.0.2\bin\java.dll


Dynamic libraries:
0x00007ff652570000 - 0x00007ff652580000 	C:\Program Files\Java\jdk-16.0.2\bin\java.exe
0x00007ffe44fe0000 - 0x00007ffe451e7000 	C:\Windows\SYSTEM32\ntdll.dll
0x00007ffe219e0000 - 0x00007ffe219f6000 	C:\Program Files\Avast Software\Avast\aswhook.dll
0x00007ffe44ae0000 - 0x00007ffe44b9d000 	C:\Windows\System32\KERNEL32.DLL
0x00007ffe42b30000 - 0x00007ffe42ea2000 	C:\Windows\System32\KERNELBASE.dll
0x00007ffe42580000 - 0x00007ffe42691000 	C:\Windows\System32\ucrtbase.dll
0x00007ffe3f690000 - 0x00007ffe3f6a8000 	C:\Program Files\Java\jdk-16.0.2\bin\jli.dll
0x00007ffdf8ac0000 - 0x00007ffdf8ad9000 	C:\Program Files\Java\jdk-16.0.2\bin\VCRUNTIME140.dll
0x00007ffe43980000 - 0x00007ffe43a2c000 	C:\Windows\System32\ADVAPI32.dll
0x00007ffe43710000 - 0x00007ffe437b3000 	C:\Windows\System32\msvcrt.dll
0x00007ffe44a40000 - 0x00007ffe44add000 	C:\Windows\System32\sechost.dll
0x00007ffe44c90000 - 0x00007ffe44db1000 	C:\Windows\System32\RPCRT4.dll
0x00007ffe437d0000 - 0x00007ffe4397c000 	C:\Windows\System32\USER32.dll
0x00007ffe42a60000 - 0x00007ffe42a86000 	C:\Windows\System32\win32u.dll
0x00007ffe2a730000 - 0x00007ffe2a9d5000 	C:\Windows\WinSxS\amd64_microsoft.windows.common-controls_6595b64144ccf1df_6.0.21996.1_none_7d6b053978bcd706\COMCTL32.dll
0x00007ffe43a50000 - 0x00007ffe43a79000 	C:\Windows\System32\GDI32.dll
0x00007ffe427d0000 - 0x00007ffe428e2000 	C:\Windows\System32\gdi32full.dll
0x00007ffe42a90000 - 0x00007ffe42b2d000 	C:\Windows\System32\msvcp_win.dll
0x00007ffe3bca0000 - 0x00007ffe3bcaa000 	C:\Windows\SYSTEM32\VERSION.dll
0x00007ffe43240000 - 0x00007ffe43271000 	C:\Windows\System32\IMM32.DLL
0x00007ffdf8960000 - 0x00007ffdf896c000 	C:\Program Files\Java\jdk-16.0.2\bin\vcruntime140_1.dll
0x00007ffdc4c60000 - 0x00007ffdc4cf1000 	C:\Program Files\Java\jdk-16.0.2\bin\msvcp140.dll
0x00007ffdc54e0000 - 0x00007ffdc608b000 	C:\Program Files\Java\jdk-16.0.2\bin\server\jvm.dll
0x00007ffe437c0000 - 0x00007ffe437c8000 	C:\Windows\System32\PSAPI.DLL
0x00007ffe25ed0000 - 0x00007ffe25ed9000 	C:\Windows\SYSTEM32\WSOCK32.dll
0x00007ffe3b8f0000 - 0x00007ffe3b923000 	C:\Windows\SYSTEM32\WINMM.dll
0x00007ffe44610000 - 0x00007ffe4467f000 	C:\Windows\System32\WS2_32.dll
0x00007ffe41670000 - 0x00007ffe41687000 	C:\Windows\SYSTEM32\kernel.appcore.dll
0x00007ffdf88e0000 - 0x00007ffdf88ea000 	C:\Program Files\Java\jdk-16.0.2\bin\jimage.dll
0x00007ffe401e0000 - 0x00007ffe40401000 	C:\Windows\SYSTEM32\DBGHELP.DLL
0x00007ffe287c0000 - 0x00007ffe287f1000 	C:\Windows\SYSTEM32\dbgcore.DLL
0x00007ffe42500000 - 0x00007ffe42580000 	C:\Windows\System32\bcryptPrimitives.dll
0x00007ffdf88f0000 - 0x00007ffdf8915000 	C:\Program Files\Java\jdk-16.0.2\bin\java.dll

dbghelp: loaded successfully - version: 4.0.5 - missing functions: none
symbol engine: initialized successfully - sym options: 0x614 - pdb path: .;C:\Program Files\Java\jdk-16.0.2\bin;C:\Windows\SYSTEM32;C:\Program Files\Avast Software\Avast;C:\Windows\WinSxS\amd64_microsoft.windows.common-controls_6595b64144ccf1df_6.0.21996.1_none_7d6b053978bcd706;C:\Program Files\Java\jdk-16.0.2\bin\server

VM Arguments:
jvm_args: -Dfile.encoding=UTF-8 --module-path=C:\Users\01957\OneDrive\Documents\NetBeansProjects\incomeTax1\build\classes 
java_command: Registration.AssesseeLiabilty
java_class_path (initial): D:\soft\sqljdbc_9.4.0.0_enu\sqljdbc_9.4\enu\mssql-jdbc-9.4.0.jre16.jar;D:\soft\sqljdbc_9.4.0.0_enu\sqljdbc_9.4\enu\mssql-jdbc-10.2.0.jre17.jar;D:\soft\sqljdbc_9.4.0.0_enu\sqljdbc_9.4\enu\java-json-schema.jar;D:\soft\sqljdbc_9.4.0.0_enu\sqljdbc_9.4\enu\json-simple-1.1.jar;D:\soft\sqljdbc_9.4.0.0_enu\sqljdbc_9.4\enu\gson-2.2.2.jar;D:\soft\sqljdbc_9.4.0.0_enu\sqljdbc_9.4\enu\jxdatepicker-support-1.0.jar;D:\soft\sqljdbc_9.4.0.0_enu\sqljdbc_9.4\enu\org-jdesktop-swingx.jar;D:\soft\sqljdbc_9.4.0.0_enu\sqljdbc_9.4\enu\jcalendar-1.4.jar;D:\soft\sqljdbc_9.4.0.0_enu\sqljdbc_9.4\enu\jdatepicker-1.3.4.jar;D:\soft\sqljdbc_9.4.0.0_enu\sqljdbc_9.4\enu\pdf file\itext5\itextpdf-5.5.9.jar;C:\Users\01957\OneDrive\Documents\NetBeansProjects\incomeTax1\build\classes
Launcher Type: SUN_STANDARD

[Global flags]
     intx CICompilerCount                          = 4                                         {product} {ergonomic}
     uint ConcGCThreads                            = 2                                         {product} {ergonomic}
     uint G1ConcRefinementThreads                  = 8                                         {product} {ergonomic}
   size_t G1HeapRegionSize                         = 2097152                                   {product} {ergonomic}
    uintx GCDrainStackTargetSize                   = 64                                        {product} {ergonomic}
   size_t InitialHeapSize                          = 201326592                                 {product} {ergonomic}
   size_t MarkStackSize                            = 4194304                                   {product} {ergonomic}
   size_t MaxHeapSize                              = 3191865344                                {product} {ergonomic}
   size_t MinHeapDeltaBytes                        = 2097152                                   {product} {ergonomic}
   size_t MinHeapSize                              = 8388608                                   {product} {ergonomic}
    uintx NonNMethodCodeHeapSize                   = 5839372                                {pd product} {ergonomic}
    uintx NonProfiledCodeHeapSize                  = 122909434                              {pd product} {ergonomic}
    uintx ProfiledCodeHeapSize                     = 122909434                              {pd product} {ergonomic}
    uintx ReservedCodeCacheSize                    = 251658240                              {pd product} {ergonomic}
     bool SegmentedCodeCache                       = true                                      {product} {ergonomic}
   size_t SoftMaxHeapSize                          = 3191865344                             {manageable} {ergonomic}
     bool UseCompressedClassPointers               = true                           {product lp64_product} {ergonomic}
     bool UseCompressedOops                        = true                           {product lp64_product} {ergonomic}
     bool UseG1GC                                  = true                                      {product} {ergonomic}
     bool UseLargePagesIndividualAllocation        = false                                  {pd product} {ergonomic}

Logging:
Log output configuration:
 #0: stdout all=warning uptime,level,tags
 #1: stderr all=off uptime,level,tags

Environment Variables:
JAVA_HOME=C:\Program Files\OpenJDK\openjdk-8u292-b10
CLASSPATH=D:\soft\sqljdbc_9.4.0.0_enu\sqljdbc_9.4\enu\mssql-jdbc-9.4.0.jre8.jar;C:\Program Files\Java\jdk-16.0.2\lib;D:\soft\sqljdbc_9.4.0.0_enu\sqljdbc_9.4\enu;
PATH=C:\oraclexe\app\oracle\product\11.2.0\server\bin;C:\Program Files\Common Files\Oracle\Java\javapath;C:\Windows\system32;C:\Windows;C:\Windows\System32\Wbem;C:\Windows\System32\WindowsPowerShell\v1.0\;C:\Windows\System32\OpenSSH\;C:\ProgramData\chocolatey\bin;C:\Program Files\nodejs\;C:\Program Files\OpenJDK\openjdk-8u292-b10\bin;C:\Users\01957\AppData\Local\Android\Sdk\platform-tools;C:\Program Files\Microsoft SQL Server\Client SDK\ODBC\170\Tools\Binn\;C:\Program Files (x86)\Microsoft SQL Server\150\Tools\Binn\;C:\Program Files\Microsoft SQL Server\150\Tools\Binn\;C:\Program Files\Microsoft SQL Server\150\DTS\Binn\;C:\Program Files (x86)\Microsoft SQL Server\150\DTS\Binn\;C:\TDM-GCC-32\bin;C:\TDM-GCC-64\bin;C:\Program Files\Java\jdk-17\bin;C:\Program Files (x86)\Java\jre1.8.0_301\bin;C:\Program Files\Java\jdk-17\bin;D:\soft\sqljdbc_9.4.0.0_enu\sqljdbc_9.4\enu;C:\Program Files\Git\cmd;C:\Program Files (x86)\Silverfrost\FTN95;H:\4-1\4-1\MATLAB\bin;C:\Program Files\MySQL\MySQL Shell 8.0\bin\;C:\Users\01957\AppData\Local\Microsoft\WindowsApps;C:\Users\01957\AppData\Roaming\npm;C:\Program Files\Azure Data Studio\bin;C:\Program Files\CodeBlocks\MinGW\bin;C:\Program Files (x86)\CodeBlocks\MinGW\bin;C:\Program Files\CodeBlocks\MinGW\bin;D:\soft\sqljdbc_9.4.0.0_enu\sqljdbc_9.4\enu;C:\Users\01957\AppData\Local\Android\Sdk\platform-tools;
USERNAME=01957
OS=Windows_NT
PROCESSOR_IDENTIFIER=Intel64 Family 6 Model 142 Stepping 11, GenuineIntel



---------------  S Y S T E M  ---------------

OS:
 Windows 10 , 64 bit Build 21996 (10.0.21996.1)
OS uptime: 0 days 6:35 hours
Hyper-V role detected

CPU: total 8 (initial active 8) (4 cores per cpu, 2 threads per core) family 6 model 142 stepping 11 microcode 0xde, cx8, cmov, fxsr, ht, mmx, 3dnowpref, sse, sse2, sse3, ssse3, sse4.1, sse4.2, popcnt, lzcnt, tsc, tscinvbit, avx, avx2, aes, erms, clmul, bmi1, bmi2, adx, fma, vzeroupper, clflush, clflushopt, hv

Memory: 4k page, system-wide physical 12174M (2506M free)
TotalPageFile size 26426M (AvailPageFile size 84M)
current process WorkingSet (physical memory assigned to process): 10M, peak: 10M
current process commit charge ("private bytes"): 60M, peak: 252M

vm_info: Java HotSpot(TM) 64-Bit Server VM (16.0.2+7-67) for windows-amd64 JRE (16.0.2+7-67), built on Jun  8 2021 23:24:19 by "mach5one" with MS VC++ 16.7 (VS2019)

END.
